<?xml version="1.0" encoding="UTF-8"?>
<!-- Generated by org.testng.reporters.JUnitXMLReporter -->
<testsuite ignored="0" hostname="Indee" failures="2" tests="5" name="Login and Dashboard Tests" time="19.049" errors="0" timestamp="2025-09-22T16:48:00 CDT">
  <testcase classname="Test.TestJava" name="verifyHomePageTitle" time="0.022"/>
  <testcase classname="Test.TestJava" name="verifyDashboard" time="0.015">
    <failure type="java.lang.AssertionError" message="Navigation Fail expected [true] but found [false]">
      <![CDATA[java.lang.AssertionError: Navigation Fail expected [true] but found [false]
at Test.TestJava.verifyDashboard(TestJava.java:124)
at java.base/java.util.ArrayList.forEach(ArrayList.java:1597)
... Removed 28 stack frames]]>
    </failure>
  </testcase> <!-- verifyDashboard -->
  <testcase classname="Test.TestJava" name="PIM" time="0.0">
    <skipped/>
  </testcase> <!-- PIM -->
  <testcase classname="Test.TestJava" name="PimSearch" time="15.211">
    <failure type="java.lang.IllegalStateException" message="PIM menu not accessible: Expected condition failed: waiting for element to be clickable: By.xpath: //aside//span[text()=&amp;apos;PIM&amp;apos;] (tried for 15 second(s) with 500 milliseconds interval)
Build info: version: &amp;apos;4.35.0&amp;apos;, revision: &amp;apos;1c58e5028b&amp;apos;
System info: os.name: &amp;apos;Windows 11&amp;apos;, os.arch: &amp;apos;amd64&amp;apos;, os.version: &amp;apos;10.0&amp;apos;, java.version: &amp;apos;23.0.1&amp;apos;
Driver info: org.openqa.selenium.chrome.ChromeDriver
Capabilities {acceptInsecureCerts: false, browserName: chrome, browserVersion: 140.0.7339.128, chrome: {chromedriverVersion: 140.0.7339.82 (bc93617e21c3..., userDataDir: C:\Users\indee\AppData\Loca...}, fedcm:accounts: true, goog:chromeOptions: {debuggerAddress: localhost:57249}, networkConnectionEnabled: false, pageLoadStrategy: normal, platformName: windows, proxy: Proxy(), se:cdp: ws://localhost:57249/devtoo..., se:cdpVersion: 140.0.7339.128, setWindowRect: true, strictFileInteractability: false, timeouts: {implicit: 0, pageLoad: 300000, script: 30000}, unhandledPromptBehavior: dismiss and notify, webauthn:extension:credBlob: true, webauthn:extension:largeBlob: true, webauthn:extension:minPinLength: true, webauthn:extension:prf: true, webauthn:virtualAuthenticators: true}
Session ID: 457b39a27674d724cc378e406fc57c25">
      <![CDATA[java.lang.IllegalStateException: PIM menu not accessible: Expected condition failed: waiting for element to be clickable: By.xpath: //aside//span[text()='PIM'] (tried for 15 second(s) with 500 milliseconds interval)
Build info: version: '4.35.0', revision: '1c58e5028b'
System info: os.name: 'Windows 11', os.arch: 'amd64', os.version: '10.0', java.version: '23.0.1'
Driver info: org.openqa.selenium.chrome.ChromeDriver
Capabilities {acceptInsecureCerts: false, browserName: chrome, browserVersion: 140.0.7339.128, chrome: {chromedriverVersion: 140.0.7339.82 (bc93617e21c3..., userDataDir: C:\Users\indee\AppData\Loca...}, fedcm:accounts: true, goog:chromeOptions: {debuggerAddress: localhost:57249}, networkConnectionEnabled: false, pageLoadStrategy: normal, platformName: windows, proxy: Proxy(), se:cdp: ws://localhost:57249/devtoo..., se:cdpVersion: 140.0.7339.128, setWindowRect: true, strictFileInteractability: false, timeouts: {implicit: 0, pageLoad: 300000, script: 30000}, unhandledPromptBehavior: dismiss and notify, webauthn:extension:credBlob: true, webauthn:extension:largeBlob: true, webauthn:extension:minPinLength: true, webauthn:extension:prf: true, webauthn:virtualAuthenticators: true}
Session ID: 457b39a27674d724cc378e406fc57c25
at Page.DashBoard.GotoPIM(DashBoard.java:50)
at Test.TestJava.PimSearch(TestJava.java:149)
at java.base/java.util.ArrayList.forEach(ArrayList.java:1597)
... Removed 25 stack frames]]>
    </failure>
  </testcase> <!-- PimSearch -->
  <testcase classname="Test.TestJava" name="compare" time="0.001">
    <skipped/>
  </testcase> <!-- compare -->
</testsuite> <!-- Login and Dashboard Tests -->
