<?xml version="1.0" encoding="UTF-8"?>
<!-- Generated by org.testng.reporters.JUnitXMLReporter -->
<testsuite ignored="0" hostname="Indee" failures="5" tests="11" name="Login and Dashboard Tests" time="29.78" errors="0" timestamp="2025-09-22T17:22:14 CDT">
  <testcase classname="Test.TestJava" name="verifyHomePageTitle" time="0.022"/>
  <testcase classname="Test.TestJava" name="loginVerification" time="1.925">
    <failure type="java.lang.AssertionError" message="URL mismatch for user: Admin expected [https://indeewarag-osondemand.orangehrm.com/dashboard/index] but found [https://indeewarag-osondemand.orangehrm.com/auth/login]">
      <![CDATA[java.lang.AssertionError: URL mismatch for user: Admin expected [https://indeewarag-osondemand.orangehrm.com/dashboard/index] but found [https://indeewarag-osondemand.orangehrm.com/auth/login]
at Test.TestJava.loginVerification(TestJava.java:88)
at java.base/java.util.ArrayList.forEach(ArrayList.java:1597)
... Removed 30 stack frames]]>
    </failure>
  </testcase> <!-- loginVerification -->
  <testcase classname="Test.TestJava" name="loginVerification" time="1.785">
    <failure type="java.lang.AssertionError" message="URL mismatch for user: Indeewara expected [https://indeewarag-osondemand.orangehrm.com/dashboard/index] but found [https://indeewarag-osondemand.orangehrm.com/auth/login]">
      <![CDATA[java.lang.AssertionError: URL mismatch for user: Indeewara expected [https://indeewarag-osondemand.orangehrm.com/dashboard/index] but found [https://indeewarag-osondemand.orangehrm.com/auth/login]
at Test.TestJava.loginVerification(TestJava.java:88)
at java.base/java.util.ArrayList.forEach(ArrayList.java:1597)
... Removed 30 stack frames]]>
    </failure>
  </testcase> <!-- loginVerification -->
  <testcase classname="Test.TestJava" name="loginVerification" time="1.792">
    <failure type="java.lang.AssertionError" message="URL mismatch for user: !@##@#!#@ expected [https://indeewarag-osondemand.orangehrm.com/dashboard/index] but found [https://indeewarag-osondemand.orangehrm.com/auth/login]">
      <![CDATA[java.lang.AssertionError: URL mismatch for user: !@##@#!#@ expected [https://indeewarag-osondemand.orangehrm.com/dashboard/index] but found [https://indeewarag-osondemand.orangehrm.com/auth/login]
at Test.TestJava.loginVerification(TestJava.java:88)
at java.base/java.util.ArrayList.forEach(ArrayList.java:1597)
... Removed 30 stack frames]]>
    </failure>
  </testcase> <!-- loginVerification -->
  <testcase classname="Test.TestJava" name="loginVerification" time="1.786">
    <failure type="java.lang.AssertionError" message="URL mismatch for user: Harshani@gmail.com expected [https://indeewarag-osondemand.orangehrm.com/dashboard/index] but found [https://indeewarag-osondemand.orangehrm.com/auth/login]">
      <![CDATA[java.lang.AssertionError: URL mismatch for user: Harshani@gmail.com expected [https://indeewarag-osondemand.orangehrm.com/dashboard/index] but found [https://indeewarag-osondemand.orangehrm.com/auth/login]
at Test.TestJava.loginVerification(TestJava.java:88)
at java.base/java.util.ArrayList.forEach(ArrayList.java:1597)
... Removed 30 stack frames]]>
    </failure>
  </testcase> <!-- loginVerification -->
  <testcase classname="Test.TestJava" name="loginVerification" time="1.768">
    <failure type="java.lang.AssertionError" message="URL mismatch for user: 1232454987 expected [https://indeewarag-osondemand.orangehrm.com/dashboard/index] but found [https://indeewarag-osondemand.orangehrm.com/auth/login]">
      <![CDATA[java.lang.AssertionError: URL mismatch for user: 1232454987 expected [https://indeewarag-osondemand.orangehrm.com/dashboard/index] but found [https://indeewarag-osondemand.orangehrm.com/auth/login]
at Test.TestJava.loginVerification(TestJava.java:88)
at java.base/java.util.ArrayList.forEach(ArrayList.java:1597)
... Removed 30 stack frames]]>
    </failure>
  </testcase> <!-- loginVerification -->
  <testcase classname="Test.TestJava" name="loginVerification" time="1.932"/>
  <testcase classname="Test.TestJava" name="verifyDashboard" time="0.006"/>
  <testcase classname="Test.TestJava" name="PIM" time="2.888"/>
  <testcase classname="Test.TestJava" name="PimSearch" time="2.523"/>
  <testcase classname="Test.TestJava" name="compare" time="3.155"/>
</testsuite> <!-- Login and Dashboard Tests -->
