<?xml version="1.0" encoding="UTF-8"?>
<!-- Generated by org.testng.reporters.JUnitXMLReporter -->
<testsuite ignored="0" hostname="Indee" failures="1" tests="3" name="PIM Verification" time="2.428" errors="0" timestamp="2025-09-20T15:47:35 CDT">
  <testcase classname="Test.PIM" name="verifyDashboard" time="0.016">
    <failure type="java.lang.AssertionError" message="Navigation Fail expected [true] but found [false]">
      <![CDATA[java.lang.AssertionError: Navigation Fail expected [true] but found [false]
at Test.PIM.verifyDashboard(PIM.java:36)
at java.base/java.util.ArrayList.forEach(ArrayList.java:1597)
... Removed 28 stack frames]]>
    </failure>
  </testcase> <!-- verifyDashboard -->
  <testcase classname="Test.PIM" name="PIM" time="0.0">
    <skipped/>
  </testcase> <!-- PIM -->
  <testcase classname="Test.PIM" name="PIMheaderVerify" time="0.0">
    <skipped/>
  </testcase> <!-- PIMheaderVerify -->
</testsuite> <!-- PIM Verification -->
